Using pre-set license
Built from '2020.3/staging' branch; Version is '2020.3.6f1 (338bb68529b2) revision 3378102'; Using compiler version '192528614'; Build Type 'Release'
OS: 'Windows 10 Pro; OS build 19042.867; Version 2009; 64bit' Language: 'en' Physical Memory: 16331 MB
BatchMode: 1, IsHumanControllingUs: 0, StartBugReporterOnCrash: 0, Is64bit: 1, IsPro: 0

 COMMAND LINE ARGUMENTS:
C:\Program Files\Unity\Hub\Editor\2020.3.6f1\Editor\Unity.exe
-adb2
-batchMode
-noUpm
-name
AssetImportWorker0
-projectPath
C:/github/P-YAN_unity-chess/Chess
-logFile
Logs/AssetImportWorker0.log
-srvPort
8168
Successfully changed project path to: C:/github/P-YAN_unity-chess/Chess
C:/github/P-YAN_unity-chess/Chess
Using Asset Import Pipeline V2.
Refreshing native plugins compatible for Editor in 31.58 ms, found 0 plugins.
Preloading 0 native plugins for Editor in 0.00 ms.
Initialize engine version: 2020.3.6f1 (338bb68529b2)
[Subsystems] Discovering subsystems at path C:/Program Files/Unity/Hub/Editor/2020.3.6f1/Editor/Data/Resources/UnitySubsystems
[Subsystems] Discovering subsystems at path C:/github/P-YAN_unity-chess/Chess/Assets
GfxDevice: creating device client; threaded=0
Direct3D:
    Version:  Direct3D 11.0 [level 11.1]
    Renderer: NVIDIA GeForce GTX 1070 (ID=0x1b81)
    Vendor:   
    VRAM:     8088 MB
    Driver:   27.21.14.5671
Initialize mono
Mono path[0] = 'C:/Program Files/Unity/Hub/Editor/2020.3.6f1/Editor/Data/Managed'
Mono path[1] = 'C:/Program Files/Unity/Hub/Editor/2020.3.6f1/Editor/Data/MonoBleedingEdge/lib/mono/unityjit'
Mono config path = 'C:/Program Files/Unity/Hub/Editor/2020.3.6f1/Editor/Data/MonoBleedingEdge/etc'
Using monoOptions --debugger-agent=transport=dt_socket,embedding=1,server=y,suspend=n,address=127.0.0.1:56500
Begin MonoManager ReloadAssembly
Registering precompiled unity dll's ...
Register platform support module: C:/Program Files/Unity/Hub/Editor/2020.3.6f1/Editor/Data/PlaybackEngines/WindowsStandaloneSupport/UnityEditor.WindowsStandalone.Extensions.dll
Registered in 0.002738 seconds.
Native extension for WindowsStandalone target not found
Refreshing native plugins compatible for Editor in 34.29 ms, found 0 plugins.
Preloading 0 native plugins for Editor in 0.00 ms.
Mono: successfully reloaded assembly
- Completed reload, in  1.666 seconds
Platform modules already initialized, skipping
Registering precompiled user dll's ...
Registered in 0.001112 seconds.
Begin MonoManager ReloadAssembly
Native extension for WindowsStandalone target not found
Refreshing native plugins compatible for Editor in 0.44 ms, found 0 plugins.
Preloading 0 native plugins for Editor in 0.00 ms.
Mono: successfully reloaded assembly
- Completed reload, in  1.208 seconds
Platform modules already initialized, skipping
========================================================================
Worker process is ready to serve import requests
Launched and connected shader compiler UnityShaderCompiler.exe after 0.07 seconds
Refreshing native plugins compatible for Editor in 0.43 ms, found 0 plugins.
Preloading 0 native plugins for Editor in 0.00 ms.
Unloading 1126 Unused Serialized files (Serialized files now loaded: 0)
System memory in use before: 58.2 MB.
System memory in use after: 58.2 MB.

Unloading 9 unused Assets to reduce memory usage. Loaded Objects now: 1569.
Total: 2.577300 ms (FindLiveObjects: 0.287800 ms CreateObjectMapping: 0.047200 ms MarkObjects: 2.146300 ms  DeleteObjects: 0.094200 ms)

========================================================================
Received Import Request.
  path: Assets/Scenes/ArrayChess.unity
  artifactKey: Guid(429f2c8983549db43ad7fb59ba3362d2) Importer(815301076,1909f56bfc062723c751e8b465ee728b)
Start importing Assets/Scenes/ArrayChess.unity using Guid(429f2c8983549db43ad7fb59ba3362d2) Importer(815301076,1909f56bfc062723c751e8b465ee728b)  -> (artifact id: '3ce7beb87ff016ef833785f016f7dc8b') in 0.017710 seconds
  Import took 0.020461 seconds .

========================================================================
Received Import Request.
  Time since last request: 0.089267 seconds.
  path: Assets/Scenes/ArrayChess.unity
  artifactKey: Guid(429f2c8983549db43ad7fb59ba3362d2) Importer(815301076,1909f56bfc062723c751e8b465ee728b)
Start importing Assets/Scenes/ArrayChess.unity using Guid(429f2c8983549db43ad7fb59ba3362d2) Importer(815301076,1909f56bfc062723c751e8b465ee728b)  -> (artifact id: '3ce7beb87ff016ef833785f016f7dc8b') in 0.002877 seconds
  Import took 0.005576 seconds .

========================================================================
Received Import Request.
  Time since last request: 34.379108 seconds.
  path: Assets/Scripts/3dChess
  artifactKey: Guid(d798a6a6e70554646870ccbdf79077f0) Importer(815301076,1909f56bfc062723c751e8b465ee728b)
Start importing Assets/Scripts/3dChess using Guid(d798a6a6e70554646870ccbdf79077f0) Importer(815301076,1909f56bfc062723c751e8b465ee728b)  -> (artifact id: '47a772072ebf519a587182215c728749') in 0.003087 seconds
  Import took 0.006145 seconds .

========================================================================
Received Import Request.
  Time since last request: 3.714463 seconds.
  path: Assets/Scripts/3dChess/PieceHover.cs
  artifactKey: Guid(b95e514bb73b0844a8d97521716508ad) Importer(815301076,1909f56bfc062723c751e8b465ee728b)
Start importing Assets/Scripts/3dChess/PieceHover.cs using Guid(b95e514bb73b0844a8d97521716508ad) Importer(815301076,1909f56bfc062723c751e8b465ee728b)  -> (artifact id: '4cbe8df06516ed32f661227712071c1d') in 0.030738 seconds
  Import took 0.033476 seconds .

========================================================================
Received Import Request.
  Time since last request: 0.000793 seconds.
  path: Assets/Scripts/3dChess/PieceHover.cs
  artifactKey: Guid(b95e514bb73b0844a8d97521716508ad) Importer(815301076,1909f56bfc062723c751e8b465ee728b)
Start importing Assets/Scripts/3dChess/PieceHover.cs using Guid(b95e514bb73b0844a8d97521716508ad) Importer(815301076,1909f56bfc062723c751e8b465ee728b)  -> (artifact id: '4cbe8df06516ed32f661227712071c1d') in 0.002474 seconds
  Import took 0.004860 seconds .

========================================================================
Received Prepare
Registering precompiled user dll's ...
Registered in 0.001253 seconds.
Begin MonoManager ReloadAssembly
Native extension for WindowsStandalone target not found
Refreshing native plugins compatible for Editor in 0.46 ms, found 0 plugins.
Preloading 0 native plugins for Editor in 0.00 ms.
Mono: successfully reloaded assembly
- Completed reload, in  1.109 seconds
Platform modules already initialized, skipping
Refreshing native plugins compatible for Editor in 0.55 ms, found 0 plugins.
Preloading 0 native plugins for Editor in 0.00 ms.
Unloading 1120 Unused Serialized files (Serialized files now loaded: 0)
System memory in use before: 58.0 MB.
System memory in use after: 58.1 MB.

Unloading 4 unused Assets to reduce memory usage. Loaded Objects now: 1572.
Total: 2.184500 ms (FindLiveObjects: 0.343100 ms CreateObjectMapping: 0.040800 ms MarkObjects: 1.771300 ms  DeleteObjects: 0.027300 ms)

AssetImportWorkerClient::OnTransportError - code=2 error=End of file
